2021-09-25 23:31:35- INFO  - Starting HaniumApplication using Java 1.8.0_292 on DESKTOP-9TU9FB7 with PID 12708 (C:\Users\hhj48\IdeaProjects\demo\hanium-back\hanium\build\classes\java\main started by hhj48 in C:\Users\hhj48\IdeaProjects\demo\hanium-back\hanium)
2021-09-25 23:31:35- INFO  - No active profile set, falling back to default profiles: default
2021-09-25 23:31:36- INFO  - Multiple Spring Data modules found, entering strict repository configuration mode!
2021-09-25 23:31:36- INFO  - Bootstrapping Spring Data JPA repositories in DEFAULT mode.
2021-09-25 23:31:36- INFO  - Finished Spring Data repository scanning in 77 ms. Found 1 JPA repository interfaces.
2021-09-25 23:31:36- INFO  - Multiple Spring Data modules found, entering strict repository configuration mode!
2021-09-25 23:31:36- INFO  - Bootstrapping Spring Data Redis repositories in DEFAULT mode.
2021-09-25 23:31:36- INFO  - Spring Data Redis - Could not safely identify store assignment for repository candidate interface com.example.hanium.Auth.repository.UserRepository. If you want this repository to be a Redis repository, consider annotating your entities with one of these annotations: org.springframework.data.redis.core.RedisHash (preferred), or consider extending one of the following types with your repository: org.springframework.data.keyvalue.repository.KeyValueRepository.
2021-09-25 23:31:36- INFO  - Finished Spring Data repository scanning in 16 ms. Found 0 Redis repository interfaces.
2021-09-25 23:31:37- INFO  - Tomcat initialized with port(s): 8080 (http)
2021-09-25 23:31:37- INFO  - Initializing ProtocolHandler ["http-nio-8080"]
2021-09-25 23:31:37- INFO  - Starting service [Tomcat]
2021-09-25 23:31:37- INFO  - Starting Servlet engine: [Apache Tomcat/9.0.52]
2021-09-25 23:31:37- INFO  - Initializing Spring embedded WebApplicationContext
2021-09-25 23:31:37- INFO  - Root WebApplicationContext: initialization completed in 1649 ms
2021-09-25 23:31:37- INFO  - HikariPool-1 - Starting...
2021-09-25 23:31:37- INFO  - HikariPool-1 - Start completed.
2021-09-25 23:31:37- INFO  - H2 console available at '/h2-console'. Database available at 'jdbc:h2:mem:hanium'
2021-09-25 23:31:37- INFO  - HHH000204: Processing PersistenceUnitInfo [name: default]
2021-09-25 23:31:37- INFO  - HHH000412: Hibernate ORM core version 5.4.32.Final
2021-09-25 23:31:37- INFO  - HCANN000001: Hibernate Commons Annotations {5.1.2.Final}
2021-09-25 23:31:37- INFO  - HHH000400: Using dialect: org.hibernate.dialect.H2Dialect
2021-09-25 23:31:38- INFO  - HHH000490: Using JtaPlatform implementation: [org.hibernate.engine.transaction.jta.platform.internal.NoJtaPlatform]
2021-09-25 23:31:38- INFO  - Initialized JPA EntityManagerFactory for persistence unit 'default'
2021-09-25 23:31:38- WARN  - spring.jpa.open-in-view is enabled by default. Therefore, database queries may be performed during view rendering. Explicitly configure spring.jpa.open-in-view to disable this warning
2021-09-25 23:31:39- WARN  - Exception encountered during context initialization - cancelling refresh attempt: org.springframework.beans.factory.UnsatisfiedDependencyException: Error creating bean with name 'userController' defined in file [C:\Users\hhj48\IdeaProjects\demo\hanium-back\hanium\build\classes\java\main\com\example\hanium\controller\UserController.class]: Unsatisfied dependency expressed through constructor parameter 2; nested exception is org.springframework.beans.factory.UnsatisfiedDependencyException: Error creating bean with name 'authService' defined in file [C:\Users\hhj48\IdeaProjects\demo\hanium-back\hanium\build\classes\java\main\com\example\hanium\email\service\AuthService.class]: Unsatisfied dependency expressed through constructor parameter 1; nested exception is org.springframework.beans.factory.UnsatisfiedDependencyException: Error creating bean with name 'emailService' defined in file [C:\Users\hhj48\IdeaProjects\demo\hanium-back\hanium\build\classes\java\main\com\example\hanium\email\service\EmailService.class]: Unsatisfied dependency expressed through constructor parameter 0; nested exception is org.springframework.beans.factory.NoSuchBeanDefinitionException: No qualifying bean of type 'org.springframework.mail.javamail.JavaMailSender' available: expected at least 1 bean which qualifies as autowire candidate. Dependency annotations: {}
2021-09-25 23:31:39- INFO  - Closing JPA EntityManagerFactory for persistence unit 'default'
2021-09-25 23:31:39- INFO  - HHH000477: Starting delayed evictData of schema as part of SessionFactory shut-down'
2021-09-25 23:31:39- INFO  - HikariPool-1 - Shutdown initiated...
2021-09-25 23:31:39- INFO  - HikariPool-1 - Shutdown completed.
2021-09-25 23:31:39- INFO  - Stopping service [Tomcat]
2021-09-25 23:31:39- INFO  - 

Error starting ApplicationContext. To display the conditions report re-run your application with 'debug' enabled.
2021-09-25 23:31:39- ERROR - 

***************************
APPLICATION FAILED TO START
***************************

Description:

Parameter 0 of constructor in com.example.hanium.email.service.EmailService required a bean of type 'org.springframework.mail.javamail.JavaMailSender' that could not be found.


Action:

Consider defining a bean of type 'org.springframework.mail.javamail.JavaMailSender' in your configuration.

